<?xml version="1.0" encoding="UTF-8"?>
<testng-results ignored="0" total="2" passed="2" failed="0" skipped="0">
  <reporter-output>
  </reporter-output>
  <suite started-at="2023-05-15T18:15:46 BST" name="Default suite" finished-at="2023-05-15T18:15:49 BST" duration-ms="3752">
    <groups>
      <group name="cucumber">
        <method signature="AbstractTestNGCucumberTests.runScenario(io.cucumber.testng.PickleWrapper,io.cucumber.testng.FeatureWrapper)[pri:0, instance:runner.TestRunner@38d8f54a]" name="runScenario" class="io.cucumber.testng.AbstractTestNGCucumberTests"/>
      </group> <!-- cucumber -->
    </groups>
    <test started-at="2023-05-15T18:15:46 BST" name="Default test" finished-at="2023-05-15T18:15:49 BST" duration-ms="3752">
      <class name="runner.TestRunner">
        <test-method is-config="true" signature="setUpClass(org.testng.ITestContext)[pri:0, instance:runner.TestRunner@38d8f54a]" started-at="2023-05-15T18:15:46 BST" name="setUpClass" finished-at="2023-05-15T18:15:46 BST" duration-ms="567" status="PASS">
          <params>
            <param index="0">
              <value>
                <![CDATA[org.testng.TestRunner@1ab53860]]>
              </value>
            </param>
          </params>
          <reporter-output>
          </reporter-output>
        </test-method> <!-- setUpClass -->
        <test-method signature="runScenario(io.cucumber.testng.PickleWrapper,io.cucumber.testng.FeatureWrapper)[pri:0, instance:runner.TestRunner@38d8f54a]" started-at="2023-05-15T18:15:46 BST" name="runScenario" description="Runs Cucumber Scenarios" data-provider="scenarios" finished-at="2023-05-15T18:15:49 BST" duration-ms="2765" status="PASS">
          <params>
            <param index="0">
              <value>
                <![CDATA["Price Convert from GTQ to GBP"]]>
              </value>
            </param>
            <param index="1">
              <value>
                <![CDATA["Price Conversion"]]>
              </value>
            </param>
          </params>
          <reporter-output>
          </reporter-output>
        </test-method> <!-- runScenario -->
        <test-method signature="runScenario(io.cucumber.testng.PickleWrapper,io.cucumber.testng.FeatureWrapper)[pri:0, instance:runner.TestRunner@38d8f54a]" started-at="2023-05-15T18:15:49 BST" name="runScenario" description="Runs Cucumber Scenarios" data-provider="scenarios" finished-at="2023-05-15T18:15:49 BST" duration-ms="288" status="PASS">
          <params>
            <param index="0">
              <value>
                <![CDATA["Price Convert from GTQ to GBP"]]>
              </value>
            </param>
            <param index="1">
              <value>
                <![CDATA["Price Conversion"]]>
              </value>
            </param>
          </params>
          <reporter-output>
          </reporter-output>
        </test-method> <!-- runScenario -->
        <test-method is-config="true" signature="tearDownClass()[pri:0, instance:runner.TestRunner@38d8f54a]" started-at="2023-05-15T18:15:49 BST" name="tearDownClass" finished-at="2023-05-15T18:15:49 BST" duration-ms="76" status="PASS">
          <reporter-output>
          </reporter-output>
        </test-method> <!-- tearDownClass -->
      </class> <!-- runner.TestRunner -->
    </test> <!-- Default test -->
  </suite> <!-- Default suite -->
</testng-results>
